JSON data saved to noteData.json
Note added successfully.
JSON data saved to noteData.json
Note added successfully.
JSON data saved to noteData.json
Note added successfully.
JSON data saved to noteData.json
Note added successfully.
JSON data saved to noteData.json
Note added successfully.
JSON data saved to noteData.json
Note added successfully.
JSON data saved to noteData.json
Note added successfully.
JSON data saved to noteData.json
Note added successfully.
JSON data saved to noteData.json
Note added successfully.
JSON data saved to noteData.json
Note added successfully.
JSON data saved to noteData.json
Note added successfully.
JSON data saved to noteData.json
Note added successfully.
JSON data saved to noteData.json
Note added successfully.
JSON data saved to noteData.json
Note edited successfully.
JSON data saved to noteData.json
Note removed successfully.
JSON data saved to noteData.json
Opening in existing browser session.
Opening in existing browser session.
